  Checking Build System
  CMake is re-running because F:/server-test/build/CMakeFiles/generate.stamp is out-of-date.
    the file 'F:/server-test/CMakeLists.txt'
    is newer than 'F:/server-test/build/CMakeFiles/generate.stamp.depend'
    result='-1'
  -- EntityX version 1.1.2
  -- -- Using -stdlib=libc++
  -- -- Defaulting to release build (use -DCMAKE_BUILD_TYPE:STRING=Debug for debug build)
  -- -- Checking misc features
  -- --   stdint.h found
  -- Could NOT find PkgConfig (missing:  PKG_CONFIG_EXECUTABLE) 
  -- 0.4.1 :: 4 :: 1 :: 4 :: 2.0
  -- 
  -- SDL2 was configured with the following options:
  -- 
  -- Platform: Windows-10.0.14393
  -- 64-bit:   TRUE
  -- Compiler: D:/Program Files (x86)/Microsoft Visual Studio/2017/Community/VC/Tools/MSVC/14.10.25017/bin/HostX86/x64/cl.exe
  -- 
  -- Subsystems:
  --   Atomic:	ON
  --   Audio:	ON
  --   Video:	ON
  --   Render:	ON
  --   Events:	ON
  --   Joystick:	ON
  --   Haptic:	ON
  --   Power:	ON
  --   Threads:	ON
  --   Timers:	ON
  --   File:	ON
  --   Loadso:	ON
  --   CPUinfo:	ON
  --   Filesystem:	ON
  --   Dlopen:	ON
  -- 
  -- Options:
  --   3DNOW                  (Wanted: ON): OFF
  --   ALSA                   (Wanted: OFF): OFF
  --   ALSA_SHARED            (Wanted: OFF): OFF
  --   ALTIVEC                (Wanted: ON): OFF
  --   ARTS                   (Wanted: OFF): OFF
  --   ARTS_SHARED            (Wanted: OFF): OFF
  --   ASSEMBLY               (Wanted: ON): OFF
  --   ASSERTIONS             (Wanted: auto): auto
  --   CLOCK_GETTIME          (Wanted: OFF): OFF
  --   DIRECTFB_SHARED        (Wanted: OFF): OFF
  --   DIRECTX                (Wanted: ON): ON
  --   DISKAUDIO              (Wanted: ON): ON
  --   DUMMYAUDIO             (Wanted: ON): ON
  --   ESD                    (Wanted: OFF): OFF
  --   ESD_SHARED             (Wanted: OFF): OFF
  --   FUSIONSOUND            (Wanted: OFF): OFF
  --   FUSIONSOUND_SHARED     (Wanted: OFF): OFF
  --   GCC_ATOMICS            (Wanted: OFF): OFF
  --   INPUT_TSLIB            (Wanted: OFF): OFF
  --   LIBC                   (Wanted: OFF): OFF
  --   LIBSAMPLERATE          (Wanted: OFF): OFF
  --   LIBSAMPLERATE_SHARED   (Wanted: OFF): OFF
  --   MIR_SHARED             (Wanted: OFF): OFF
  --   MMX                    (Wanted: ON): OFF
  --   NAS                    (Wanted: OFF): OFF
  --   NAS_SHARED             (Wanted: OFF): OFF
  --   OSS                    (Wanted: OFF): OFF
  --   PTHREADS               (Wanted: OFF): OFF
  --   PTHREADS_SEM           (Wanted: OFF): OFF
  --   PULSEAUDIO             (Wanted: OFF): OFF
  --   PULSEAUDIO_SHARED      (Wanted: OFF): OFF
  --   RENDER_D3D             (Wanted: ON): ON
  --   RPATH                  (Wanted: OFF): OFF
  --   SDL_DLOPEN             (Wanted: ON): OFF
  --   SDL_STATIC_PIC         (Wanted: OFF): OFF
  --   SNDIO                  (Wanted: OFF): OFF
  --   SSE                    (Wanted: ON): ON
  --   SSE2                   (Wanted: ON): ON
  --   SSE3                   (Wanted: ON): ON
  --   SSEMATH                (Wanted: ON): OFF
  --   VIDEO_COCOA            (Wanted: OFF): OFF
  --   VIDEO_DIRECTFB         (Wanted: OFF): OFF
  --   VIDEO_DUMMY            (Wanted: ON): ON
  --   VIDEO_MIR              (Wanted: OFF): OFF
  --   VIDEO_OPENGL           (Wanted: ON): ON
  --   VIDEO_OPENGLES         (Wanted: ON): ON
  --   VIDEO_RPI              (Wanted: OFF): OFF
  --   VIDEO_VIVANTE          (Wanted: OFF): OFF
  --   VIDEO_WAYLAND          (Wanted: OFF): OFF
  --   VIDEO_WAYLAND_QT_TOUCH (Wanted: OFF): OFF
  --   VIDEO_X11              (Wanted: OFF): OFF
  --   VIDEO_X11_XCURSOR      (Wanted: OFF): OFF
  --   VIDEO_X11_XINERAMA     (Wanted: OFF): OFF
  --   VIDEO_X11_XINPUT       (Wanted: OFF): OFF
  --   VIDEO_X11_XRANDR       (Wanted: OFF): OFF
  --   VIDEO_X11_XSCRNSAVER   (Wanted: OFF): OFF
  --   VIDEO_X11_XSHAPE       (Wanted: OFF): OFF
  --   VIDEO_X11_XVM          (Wanted: OFF): OFF
  --   WAYLAND_SHARED         (Wanted: OFF): OFF
  --   X11_SHARED             (Wanted: OFF): OFF
  -- 
  --  CFLAGS:        /DWIN32 /D_WINDOWS /W3
  --  EXTRA_CFLAGS:  
  --  EXTRA_LDFLAGS: 
  --  EXTRA_LIBS:    user32;gdi32;winmm;imm32;ole32;oleaut32;version;uuid;dinput8
  -- 
  --  Build Shared Library: OFF
  --  Build Static Library: ON
  --  Build Static Library with Position Independent Code: OFF
  -- 
  -- Configuring done
  -- Generating done
  -- Build files have been written to: F:/server-test/build
